<?xml version="1.0" encoding="UTF-8"?>
<!-- Generated by org.testng.reporters.JUnitReportReporter -->
<testsuite skipped="0" hostname="Adels-MBP" name="tests.PurchaseItemsTest" tests="1" failures="0" timestamp="27 Aug 2021 10:55:08 GMT" time="3.980" errors="0">
  <testcase name="UserCanPurchaseItems" time="3.980" classname="tests.PurchaseItemsTest"/>
</testsuite> <!-- tests.PurchaseItemsTest -->
